# JRE version: Java(TM) SE Runtime Environment (8.0_111-b14) (build 1.8.0_111-b14)
# Java VM: Java HotSpot(TM) 64-Bit Server VM (25.111-b14 mixed mode windows-amd64 compressed oops)
Heap:
 PSYoungGen      total 168448K, used 103719K [0x000000076bd00000, 0x0000000779400000, 0x00000007c0000000)
  eden space 154112K, 59% used [0x000000076bd00000,0x0000000771663f88,0x0000000775380000)
  from space 14336K, 84% used [0x0000000775380000,0x0000000775f65cb0,0x0000000776180000)
  to   space 15360K, 0% used [0x0000000778500000,0x0000000778500000,0x0000000779400000)
 ParOldGen       total 266240K, used 15901K [0x00000006c3600000, 0x00000006d3a00000, 0x000000076bd00000)
  object space 266240K, 5% used [0x00000006c3600000,0x00000006c4587798,0x00000006d3a00000)
 Metaspace       used 49868K, capacity 52168K, committed 52264K, reserved 1095680K
  class space    used 6787K, capacity 7212K, committed 7216K, reserved 1048576K
GC Heap History (10 events):
Event: 2.287 GC heap before
{Heap before GC invocations=8 (full 2):
 PSYoungGen      total 97280K, used 92838K [0x000000076bd00000, 0x0000000774000000, 0x00000007c0000000)
  eden space 86528K, 100% used [0x000000076bd00000,0x0000000771180000,0x0000000771180000)
  from space 10752K, 58% used [0x0000000771180000,0x00000007717a9bc8,0x0000000771c00000)
  to   space 7680K, 0% used [0x0000000773880000,0x0000000773880000,0x0000000774000000)
 ParOldGen       total 187904K, used 6536K [0x00000006c3600000, 0x00000006ced80000, 0x000000076bd00000)
  object space 187904K, 3% used [0x00000006c3600000,0x00000006c3c62140,0x00000006ced80000)
 Metaspace       used 26617K, capacity 27544K, committed 27824K, reserved 1075200K
  class space    used 3475K, capacity 3700K, committed 3760K, reserved 1048576K
Event: 2.292 GC heap after
Heap after GC invocations=8 (full 2):
 PSYoungGen      total 124416K, used 7650K [0x000000076bd00000, 0x0000000774380000, 0x00000007c0000000)
  eden space 116736K, 0% used [0x000000076bd00000,0x000000076bd00000,0x0000000772f00000)
  from space 7680K, 99% used [0x0000000773880000,0x0000000773ff8ae8,0x0000000774000000)
  to   space 9728K, 0% used [0x0000000772f00000,0x0000000772f00000,0x0000000773880000)
 ParOldGen       total 187904K, used 8085K [0x00000006c3600000, 0x00000006ced80000, 0x000000076bd00000)
  object space 187904K, 4% used [0x00000006c3600000,0x00000006c3de56b0,0x00000006ced80000)
 Metaspace       used 26617K, capacity 27544K, committed 27824K, reserved 1075200K
  class space    used 3475K, capacity 3700K, committed 3760K, reserved 1048576K
}
Event: 3.863 GC heap before
{Heap before GC invocations=9 (full 2):
 PSYoungGen      total 124416K, used 124386K [0x000000076bd00000, 0x0000000774380000, 0x00000007c0000000)
  eden space 116736K, 100% used [0x000000076bd00000,0x0000000772f00000,0x0000000772f00000)
  from space 7680K, 99% used [0x0000000773880000,0x0000000773ff8ae8,0x0000000774000000)
  to   space 9728K, 0% used [0x0000000772f00000,0x0000000772f00000,0x0000000773880000)
 ParOldGen       total 187904K, used 8085K [0x00000006c3600000, 0x00000006ced80000, 0x000000076bd00000)
  object space 187904K, 4% used [0x00000006c3600000,0x00000006c3de56b0,0x00000006ced80000)
 Metaspace       used 33196K, capacity 34570K, committed 34736K, reserved 1079296K
  class space    used 4369K, capacity 4657K, committed 4784K, reserved 1048576K
Event: 3.872 GC heap after
Heap after GC invocations=9 (full 2):
 PSYoungGen      total 126464K, used 9716K [0x000000076bd00000, 0x0000000776e80000, 0x00000007c0000000)
  eden space 116736K, 0% used [0x000000076bd00000,0x000000076bd00000,0x0000000772f00000)
  from space 9728K, 99% used [0x0000000772f00000,0x000000077387d030,0x0000000773880000)
  to   space 13312K, 0% used [0x0000000776180000,0x0000000776180000,0x0000000776e80000)
 ParOldGen       total 187904K, used 12607K [0x00000006c3600000, 0x00000006ced80000, 0x000000076bd00000)
  object space 187904K, 6% used [0x00000006c3600000,0x00000006c424fe08,0x00000006ced80000)
 Metaspace       used 33196K, capacity 34570K, committed 34736K, reserved 1079296K
  class space    used 4369K, capacity 4657K, committed 4784K, reserved 1048576K
}
Event: 4.075 GC heap before
{Heap before GC invocations=10 (full 2):
 PSYoungGen      total 126464K, used 21761K [0x000000076bd00000, 0x0000000776e80000, 0x00000007c0000000)
  eden space 116736K, 10% used [0x000000076bd00000,0x000000076c8c35e0,0x0000000772f00000)
  from space 9728K, 99% used [0x0000000772f00000,0x000000077387d030,0x0000000773880000)
  to   space 13312K, 0% used [0x0000000776180000,0x0000000776180000,0x0000000776e80000)
 ParOldGen       total 187904K, used 12607K [0x00000006c3600000, 0x00000006ced80000, 0x000000076bd00000)
  object space 187904K, 6% used [0x00000006c3600000,0x00000006c424fe08,0x00000006ced80000)
 Metaspace       used 34124K, capacity 35414K, committed 35496K, reserved 1081344K
  class space    used 4512K, capacity 4771K, committed 4784K, reserved 1048576K
Event: 4.080 GC heap after
Heap after GC invocations=10 (full 2):
 PSYoungGen      total 167424K, used 10812K [0x000000076bd00000, 0x0000000777800000, 0x00000007c0000000)
  eden space 154112K, 0% used [0x000000076bd00000,0x000000076bd00000,0x0000000775380000)
  from space 13312K, 81% used [0x0000000776180000,0x0000000776c0f0e8,0x0000000776e80000)
  to   space 14336K, 0% used [0x0000000775380000,0x0000000775380000,0x0000000776180000)
 ParOldGen       total 187904K, used 12615K [0x00000006c3600000, 0x00000006ced80000, 0x000000076bd00000)
  object space 187904K, 6% used [0x00000006c3600000,0x00000006c4251e08,0x00000006ced80000)
 Metaspace       used 34124K, capacity 35414K, committed 35496K, reserved 1081344K
  class space    used 4512K, capacity 4771K, committed 4784K, reserved 1048576K
}
Event: 4.080 GC heap before
{Heap before GC invocations=11 (full 3):
 PSYoungGen      total 167424K, used 10812K [0x000000076bd00000, 0x0000000777800000, 0x00000007c0000000)
  eden space 154112K, 0% used [0x000000076bd00000,0x000000076bd00000,0x0000000775380000)
  from space 13312K, 81% used [0x0000000776180000,0x0000000776c0f0e8,0x0000000776e80000)
  to   space 14336K, 0% used [0x0000000775380000,0x0000000775380000,0x0000000776180000)
 ParOldGen       total 187904K, used 12615K [0x00000006c3600000, 0x00000006ced80000, 0x000000076bd00000)
  object space 187904K, 6% used [0x00000006c3600000,0x00000006c4251e08,0x00000006ced80000)
 Metaspace       used 34124K, capacity 35414K, committed 35496K, reserved 1081344K
  class space    used 4512K, capacity 4771K, committed 4784K, reserved 1048576K
Event: 4.140 GC heap after
Heap after GC invocations=11 (full 3):
 PSYoungGen      total 167424K, used 0K [0x000000076bd00000, 0x0000000777800000, 0x00000007c0000000)
  eden space 154112K, 0% used [0x000000076bd00000,0x000000076bd00000,0x0000000775380000)
  from space 13312K, 0% used [0x0000000776180000,0x0000000776180000,0x0000000776e80000)
  to   space 14336K, 0% used [0x0000000775380000,0x0000000775380000,0x0000000776180000)
 ParOldGen       total 266240K, used 15893K [0x00000006c3600000, 0x00000006d3a00000, 0x000000076bd00000)
  object space 266240K, 5% used [0x00000006c3600000,0x00000006c4585798,0x00000006d3a00000)
 Metaspace       used 34124K, capacity 35414K, committed 35496K, reserved 1081344K
  class space    used 4512K, capacity 4771K, committed 4784K, reserved 1048576K
}
Event: 5.187 GC heap before
{Heap before GC invocations=12 (full 3):
 PSYoungGen      total 167424K, used 154112K [0x000000076bd00000, 0x0000000777800000, 0x00000007c0000000)
  eden space 154112K, 100% used [0x000000076bd00000,0x0000000775380000,0x0000000775380000)
  from space 13312K, 0% used [0x0000000776180000,0x0000000776180000,0x0000000776e80000)
  to   space 14336K, 0% used [0x0000000775380000,0x0000000775380000,0x0000000776180000)
 ParOldGen       total 266240K, used 15893K [0x00000006c3600000, 0x00000006d3a00000, 0x000000076bd00000)
  object space 266240K, 5% used [0x00000006c3600000,0x00000006c4585798,0x00000006d3a00000)
 Metaspace       used 43305K, capacity 45390K, committed 45736K, reserved 1089536K
  class space    used 5795K, capacity 6195K, committed 6320K, reserved 1048576K
Event: 5.198 GC heap after
Heap after GC invocations=12 (full 3):
 PSYoungGen      total 168448K, used 12183K [0x000000076bd00000, 0x0000000779400000, 0x00000007c0000000)
  eden space 154112K, 0% used [0x000000076bd00000,0x000000076bd00000,0x0000000775380000)
  from space 14336K, 84% used [0x0000000775380000,0x0000000775f65cb0,0x0000000776180000)
  to   space 15360K, 0% used [0x0000000778500000,0x0000000778500000,0x0000000779400000)
 ParOldGen       total 266240K, used 15901K [0x00000006c3600000, 0x00000006d3a00000, 0x000000076bd00000)
  object space 266240K, 5% used [0x00000006c3600000,0x00000006c4587798,0x00000006d3a00000)
 Metaspace       used 43305K, capacity 45390K, committed 45736K, reserved 1089536K
  class space    used 5795K, capacity 6195K, committed 6320K, reserved 1048576K
}

