# JRE version: Java(TM) SE Runtime Environment (8.0_111-b14) (build 1.8.0_111-b14)
# Java VM: Java HotSpot(TM) 64-Bit Server VM (25.111-b14 mixed mode windows-amd64 compressed oops)
Heap:
 PSYoungGen      total 329216K, used 145482K [0x000000076bd00000, 0x0000000781200000, 0x00000007c0000000)
  eden space 313856K, 41% used [0x000000076bd00000,0x0000000773c196e8,0x000000077ef80000)
  from space 15360K, 99% used [0x0000000780300000,0x00000007811f9510,0x0000000781200000)
  to   space 17408K, 0% used [0x000000077f000000,0x000000077f000000,0x0000000780100000)
 ParOldGen       total 143360K, used 18020K [0x00000006c3600000, 0x00000006cc200000, 0x000000076bd00000)
  object space 143360K, 12% used [0x00000006c3600000,0x00000006c4799110,0x00000006cc200000)
 Metaspace       used 55502K, capacity 58314K, committed 58408K, reserved 1099776K
  class space    used 7625K, capacity 8157K, committed 8240K, reserved 1048576K
GC Heap History (10 events):
Event: 2.284 GC heap before
{Heap before GC invocations=6 (full 1):
 PSYoungGen      total 140800K, used 130048K [0x000000076bd00000, 0x0000000775100000, 0x00000007c0000000)
  eden space 130048K, 100% used [0x000000076bd00000,0x0000000773c00000,0x0000000773c00000)
  from space 10752K, 0% used [0x0000000774680000,0x0000000774680000,0x0000000775100000)
  to   space 10752K, 0% used [0x0000000773c00000,0x0000000773c00000,0x0000000774680000)
 ParOldGen       total 91648K, used 5482K [0x00000006c3600000, 0x00000006c8f80000, 0x000000076bd00000)
  object space 91648K, 5% used [0x00000006c3600000,0x00000006c3b5ab18,0x00000006c8f80000)
 Metaspace       used 25404K, capacity 26288K, committed 26544K, reserved 1073152K
  class space    used 3292K, capacity 3500K, committed 3504K, reserved 1048576K
Event: 2.291 GC heap after
Heap after GC invocations=6 (full 1):
 PSYoungGen      total 140800K, used 9485K [0x000000076bd00000, 0x000000077a380000, 0x00000007c0000000)
  eden space 130048K, 0% used [0x000000076bd00000,0x000000076bd00000,0x0000000773c00000)
  from space 10752K, 88% used [0x0000000773c00000,0x0000000774543688,0x0000000774680000)
  to   space 11776K, 0% used [0x0000000779800000,0x0000000779800000,0x000000077a380000)
 ParOldGen       total 91648K, used 5490K [0x00000006c3600000, 0x00000006c8f80000, 0x000000076bd00000)
  object space 91648K, 5% used [0x00000006c3600000,0x00000006c3b5cb18,0x00000006c8f80000)
 Metaspace       used 25404K, capacity 26288K, committed 26544K, reserved 1073152K
  class space    used 3292K, capacity 3500K, committed 3504K, reserved 1048576K
}
Event: 3.512 GC heap before
{Heap before GC invocations=7 (full 1):
 PSYoungGen      total 140800K, used 139533K [0x000000076bd00000, 0x000000077a380000, 0x00000007c0000000)
  eden space 130048K, 100% used [0x000000076bd00000,0x0000000773c00000,0x0000000773c00000)
  from space 10752K, 88% used [0x0000000773c00000,0x0000000774543688,0x0000000774680000)
  to   space 11776K, 0% used [0x0000000779800000,0x0000000779800000,0x000000077a380000)
 ParOldGen       total 91648K, used 5490K [0x00000006c3600000, 0x00000006c8f80000, 0x000000076bd00000)
  object space 91648K, 5% used [0x00000006c3600000,0x00000006c3b5cb18,0x00000006c8f80000)
 Metaspace       used 31338K, capacity 32530K, committed 32816K, reserved 1077248K
  class space    used 4070K, capacity 4311K, committed 4400K, reserved 1048576K
Event: 3.520 GC heap after
Heap after GC invocations=7 (full 1):
 PSYoungGen      total 218112K, used 11754K [0x000000076bd00000, 0x000000077a380000, 0x00000007c0000000)
  eden space 206336K, 0% used [0x000000076bd00000,0x000000076bd00000,0x0000000778680000)
  from space 11776K, 99% used [0x0000000779800000,0x000000077a37aa48,0x000000077a380000)
  to   space 14336K, 0% used [0x0000000778780000,0x0000000778780000,0x0000000779580000)
 ParOldGen       total 91648K, used 7185K [0x00000006c3600000, 0x00000006c8f80000, 0x000000076bd00000)
  object space 91648K, 7% used [0x00000006c3600000,0x00000006c3d04640,0x00000006c8f80000)
 Metaspace       used 31338K, capacity 32530K, committed 32816K, reserved 1077248K
  class space    used 4070K, capacity 4311K, committed 4400K, reserved 1048576K
}
Event: 4.280 GC heap before
{Heap before GC invocations=8 (full 1):
 PSYoungGen      total 218112K, used 56681K [0x000000076bd00000, 0x000000077a380000, 0x00000007c0000000)
  eden space 206336K, 21% used [0x000000076bd00000,0x000000076e8dfd10,0x0000000778680000)
  from space 11776K, 99% used [0x0000000779800000,0x000000077a37aa48,0x000000077a380000)
  to   space 14336K, 0% used [0x0000000778780000,0x0000000778780000,0x0000000779580000)
 ParOldGen       total 91648K, used 7185K [0x00000006c3600000, 0x00000006c8f80000, 0x000000076bd00000)
  object space 91648K, 7% used [0x00000006c3600000,0x00000006c3d04640,0x00000006c8f80000)
 Metaspace       used 34148K, capacity 35430K, committed 35496K, reserved 1079296K
  class space    used 4512K, capacity 4771K, committed 4784K, reserved 1048576K
Event: 4.286 GC heap after
Heap after GC invocations=8 (full 1):
 PSYoungGen      total 221696K, used 12782K [0x000000076bd00000, 0x0000000781200000, 0x00000007c0000000)
  eden space 207360K, 0% used [0x000000076bd00000,0x000000076bd00000,0x0000000778780000)
  from space 14336K, 89% used [0x0000000778780000,0x00000007793fba40,0x0000000779580000)
  to   space 15360K, 0% used [0x0000000780300000,0x0000000780300000,0x0000000781200000)
 ParOldGen       total 91648K, used 7193K [0x00000006c3600000, 0x00000006c8f80000, 0x000000076bd00000)
  object space 91648K, 7% used [0x00000006c3600000,0x00000006c3d06640,0x00000006c8f80000)
 Metaspace       used 34148K, capacity 35430K, committed 35496K, reserved 1079296K
  class space    used 4512K, capacity 4771K, committed 4784K, reserved 1048576K
}
Event: 4.286 GC heap before
{Heap before GC invocations=9 (full 2):
 PSYoungGen      total 221696K, used 12782K [0x000000076bd00000, 0x0000000781200000, 0x00000007c0000000)
  eden space 207360K, 0% used [0x000000076bd00000,0x000000076bd00000,0x0000000778780000)
  from space 14336K, 89% used [0x0000000778780000,0x00000007793fba40,0x0000000779580000)
  to   space 15360K, 0% used [0x0000000780300000,0x0000000780300000,0x0000000781200000)
 ParOldGen       total 91648K, used 7193K [0x00000006c3600000, 0x00000006c8f80000, 0x000000076bd00000)
  object space 91648K, 7% used [0x00000006c3600000,0x00000006c3d06640,0x00000006c8f80000)
 Metaspace       used 34148K, capacity 35430K, committed 35496K, reserved 1079296K
  class space    used 4512K, capacity 4771K, committed 4784K, reserved 1048576K
Event: 4.322 GC heap after
Heap after GC invocations=9 (full 2):
 PSYoungGen      total 221696K, used 0K [0x000000076bd00000, 0x0000000781200000, 0x00000007c0000000)
  eden space 207360K, 0% used [0x000000076bd00000,0x000000076bd00000,0x0000000778780000)
  from space 14336K, 0% used [0x0000000778780000,0x0000000778780000,0x0000000779580000)
  to   space 15360K, 0% used [0x0000000780300000,0x0000000780300000,0x0000000781200000)
 ParOldGen       total 143360K, used 17597K [0x00000006c3600000, 0x00000006cc200000, 0x000000076bd00000)
  object space 143360K, 12% used [0x00000006c3600000,0x00000006c472f448,0x00000006cc200000)
 Metaspace       used 34148K, capacity 35430K, committed 35496K, reserved 1079296K
  class space    used 4512K, capacity 4771K, committed 4784K, reserved 1048576K
}
Event: 6.047 GC heap before
{Heap before GC invocations=10 (full 2):
 PSYoungGen      total 221696K, used 207360K [0x000000076bd00000, 0x0000000781200000, 0x00000007c0000000)
  eden space 207360K, 100% used [0x000000076bd00000,0x0000000778780000,0x0000000778780000)
  from space 14336K, 0% used [0x0000000778780000,0x0000000778780000,0x0000000779580000)
  to   space 15360K, 0% used [0x0000000780300000,0x0000000780300000,0x0000000781200000)
 ParOldGen       total 143360K, used 17597K [0x00000006c3600000, 0x00000006cc200000, 0x000000076bd00000)
  object space 143360K, 12% used [0x00000006c3600000,0x00000006c472f448,0x00000006cc200000)
 Metaspace       used 46256K, capacity 48332K, committed 48680K, reserved 1091584K
  class space    used 6265K, capacity 6654K, committed 6704K, reserved 1048576K
Event: 6.058 GC heap after
Heap after GC invocations=10 (full 2):
 PSYoungGen      total 329216K, used 15333K [0x000000076bd00000, 0x0000000781200000, 0x00000007c0000000)
  eden space 313856K, 0% used [0x000000076bd00000,0x000000076bd00000,0x000000077ef80000)
  from space 15360K, 99% used [0x0000000780300000,0x00000007811f9510,0x0000000781200000)
  to   space 17408K, 0% used [0x000000077f000000,0x000000077f000000,0x0000000780100000)
 ParOldGen       total 143360K, used 18020K [0x00000006c3600000, 0x00000006cc200000, 0x000000076bd00000)
  object space 143360K, 12% used [0x00000006c3600000,0x00000006c4799110,0x00000006cc200000)
 Metaspace       used 46256K, capacity 48332K, committed 48680K, reserved 1091584K
  class space    used 6265K, capacity 6654K, committed 6704K, reserved 1048576K
}

