# JRE version: Java(TM) SE Runtime Environment (8.0_111-b14) (build 1.8.0_111-b14)
# Java VM: Java HotSpot(TM) 64-Bit Server VM (25.111-b14 mixed mode windows-amd64 compressed oops)
Heap:
 PSYoungGen      total 323072K, used 189981K [0x000000076bd00000, 0x0000000780b80000, 0x00000007c0000000)
  eden space 307712K, 56% used [0x000000076bd00000,0x0000000776787780,0x000000077e980000)
  from space 15360K, 99% used [0x000000077fb00000,0x00000007809ffd30,0x0000000780a00000)
  to   space 17408K, 0% used [0x000000077e980000,0x000000077e980000,0x000000077fa80000)
 ParOldGen       total 145920K, used 17880K [0x00000006c3600000, 0x00000006cc480000, 0x000000076bd00000)
  object space 145920K, 12% used [0x00000006c3600000,0x00000006c4776190,0x00000006cc480000)
 Metaspace       used 56148K, capacity 59014K, committed 59160K, reserved 1099776K
  class space    used 7630K, capacity 8169K, committed 8240K, reserved 1048576K
GC Heap History (10 events):
Event: 2.062 GC heap before
{Heap before GC invocations=6 (full 1):
 PSYoungGen      total 140800K, used 130048K [0x000000076bd00000, 0x0000000775100000, 0x00000007c0000000)
  eden space 130048K, 100% used [0x000000076bd00000,0x0000000773c00000,0x0000000773c00000)
  from space 10752K, 0% used [0x0000000774680000,0x0000000774680000,0x0000000775100000)
  to   space 10752K, 0% used [0x0000000773c00000,0x0000000773c00000,0x0000000774680000)
 ParOldGen       total 92672K, used 5513K [0x00000006c3600000, 0x00000006c9080000, 0x000000076bd00000)
  object space 92672K, 5% used [0x00000006c3600000,0x00000006c3b62780,0x00000006c9080000)
 Metaspace       used 25384K, capacity 26272K, committed 26288K, reserved 1073152K
  class space    used 3287K, capacity 3500K, committed 3504K, reserved 1048576K
Event: 2.067 GC heap after
Heap after GC invocations=6 (full 1):
 PSYoungGen      total 140800K, used 9438K [0x000000076bd00000, 0x000000077a000000, 0x00000007c0000000)
  eden space 130048K, 0% used [0x000000076bd00000,0x000000076bd00000,0x0000000773c00000)
  from space 10752K, 87% used [0x0000000773c00000,0x0000000774537948,0x0000000774680000)
  to   space 11264K, 0% used [0x0000000779500000,0x0000000779500000,0x000000077a000000)
 ParOldGen       total 92672K, used 5521K [0x00000006c3600000, 0x00000006c9080000, 0x000000076bd00000)
  object space 92672K, 5% used [0x00000006c3600000,0x00000006c3b64780,0x00000006c9080000)
 Metaspace       used 25384K, capacity 26272K, committed 26288K, reserved 1073152K
  class space    used 3287K, capacity 3500K, committed 3504K, reserved 1048576K
}
Event: 3.067 GC heap before
{Heap before GC invocations=7 (full 1):
 PSYoungGen      total 140800K, used 139486K [0x000000076bd00000, 0x000000077a000000, 0x00000007c0000000)
  eden space 130048K, 100% used [0x000000076bd00000,0x0000000773c00000,0x0000000773c00000)
  from space 10752K, 87% used [0x0000000773c00000,0x0000000774537948,0x0000000774680000)
  to   space 11264K, 0% used [0x0000000779500000,0x0000000779500000,0x000000077a000000)
 ParOldGen       total 92672K, used 5521K [0x00000006c3600000, 0x00000006c9080000, 0x000000076bd00000)
  object space 92672K, 5% used [0x00000006c3600000,0x00000006c3b64780,0x00000006c9080000)
 Metaspace       used 31263K, capacity 32440K, committed 32560K, reserved 1077248K
  class space    used 4064K, capacity 4310K, committed 4400K, reserved 1048576K
Event: 3.074 GC heap after
Heap after GC invocations=7 (full 1):
 PSYoungGen      total 215040K, used 11232K [0x000000076bd00000, 0x000000077a000000, 0x00000007c0000000)
  eden space 203776K, 0% used [0x000000076bd00000,0x000000076bd00000,0x0000000778400000)
  from space 11264K, 99% used [0x0000000779500000,0x0000000779ff8370,0x000000077a000000)
  to   space 13824K, 0% used [0x0000000778500000,0x0000000778500000,0x0000000779280000)
 ParOldGen       total 92672K, used 7680K [0x00000006c3600000, 0x00000006c9080000, 0x000000076bd00000)
  object space 92672K, 8% used [0x00000006c3600000,0x00000006c3d80168,0x00000006c9080000)
 Metaspace       used 31263K, capacity 32440K, committed 32560K, reserved 1077248K
  class space    used 4064K, capacity 4310K, committed 4400K, reserved 1048576K
}
Event: 3.914 GC heap before
{Heap before GC invocations=8 (full 1):
 PSYoungGen      total 215040K, used 58747K [0x000000076bd00000, 0x000000077a000000, 0x00000007c0000000)
  eden space 203776K, 23% used [0x000000076bd00000,0x000000076eb66b48,0x0000000778400000)
  from space 11264K, 99% used [0x0000000779500000,0x0000000779ff8370,0x000000077a000000)
  to   space 13824K, 0% used [0x0000000778500000,0x0000000778500000,0x0000000779280000)
 ParOldGen       total 92672K, used 7680K [0x00000006c3600000, 0x00000006c9080000, 0x000000076bd00000)
  object space 92672K, 8% used [0x00000006c3600000,0x00000006c3d80168,0x00000006c9080000)
 Metaspace       used 34074K, capacity 35338K, committed 35496K, reserved 1079296K
  class space    used 4511K, capacity 4771K, committed 4784K, reserved 1048576K
Event: 3.921 GC heap after
Heap after GC invocations=8 (full 1):
 PSYoungGen      total 218624K, used 12700K [0x000000076bd00000, 0x0000000780a00000, 0x00000007c0000000)
  eden space 204800K, 0% used [0x000000076bd00000,0x000000076bd00000,0x0000000778500000)
  from space 13824K, 91% used [0x0000000778500000,0x00000007791673e0,0x0000000779280000)
  to   space 15360K, 0% used [0x000000077fb00000,0x000000077fb00000,0x0000000780a00000)
 ParOldGen       total 92672K, used 7688K [0x00000006c3600000, 0x00000006c9080000, 0x000000076bd00000)
  object space 92672K, 8% used [0x00000006c3600000,0x00000006c3d82168,0x00000006c9080000)
 Metaspace       used 34074K, capacity 35338K, committed 35496K, reserved 1079296K
  class space    used 4511K, capacity 4771K, committed 4784K, reserved 1048576K
}
Event: 3.921 GC heap before
{Heap before GC invocations=9 (full 2):
 PSYoungGen      total 218624K, used 12700K [0x000000076bd00000, 0x0000000780a00000, 0x00000007c0000000)
  eden space 204800K, 0% used [0x000000076bd00000,0x000000076bd00000,0x0000000778500000)
  from space 13824K, 91% used [0x0000000778500000,0x00000007791673e0,0x0000000779280000)
  to   space 15360K, 0% used [0x000000077fb00000,0x000000077fb00000,0x0000000780a00000)
 ParOldGen       total 92672K, used 7688K [0x00000006c3600000, 0x00000006c9080000, 0x000000076bd00000)
  object space 92672K, 8% used [0x00000006c3600000,0x00000006c3d82168,0x00000006c9080000)
 Metaspace       used 34074K, capacity 35338K, committed 35496K, reserved 1079296K
  class space    used 4511K, capacity 4771K, committed 4784K, reserved 1048576K
Event: 3.956 GC heap after
Heap after GC invocations=9 (full 2):
 PSYoungGen      total 218624K, used 0K [0x000000076bd00000, 0x0000000780a00000, 0x00000007c0000000)
  eden space 204800K, 0% used [0x000000076bd00000,0x000000076bd00000,0x0000000778500000)
  from space 13824K, 0% used [0x0000000778500000,0x0000000778500000,0x0000000779280000)
  to   space 15360K, 0% used [0x000000077fb00000,0x000000077fb00000,0x0000000780a00000)
 ParOldGen       total 145920K, used 17599K [0x00000006c3600000, 0x00000006cc480000, 0x000000076bd00000)
  object space 145920K, 12% used [0x00000006c3600000,0x00000006c472fe58,0x00000006cc480000)
 Metaspace       used 34074K, capacity 35338K, committed 35496K, reserved 1079296K
  class space    used 4511K, capacity 4771K, committed 4784K, reserved 1048576K
}
Event: 5.364 GC heap before
{Heap before GC invocations=10 (full 2):
 PSYoungGen      total 218624K, used 204800K [0x000000076bd00000, 0x0000000780a00000, 0x00000007c0000000)
  eden space 204800K, 100% used [0x000000076bd00000,0x0000000778500000,0x0000000778500000)
  from space 13824K, 0% used [0x0000000778500000,0x0000000778500000,0x0000000779280000)
  to   space 15360K, 0% used [0x000000077fb00000,0x000000077fb00000,0x0000000780a00000)
 ParOldGen       total 145920K, used 17599K [0x00000006c3600000, 0x00000006cc480000, 0x000000076bd00000)
  object space 145920K, 12% used [0x00000006c3600000,0x00000006c472fe58,0x00000006cc480000)
 Metaspace       used 46007K, capacity 48108K, committed 48424K, reserved 1091584K
  class space    used 6243K, capacity 6654K, committed 6704K, reserved 1048576K
Event: 5.373 GC heap after
Heap after GC invocations=10 (full 2):
 PSYoungGen      total 323072K, used 15359K [0x000000076bd00000, 0x0000000780b80000, 0x00000007c0000000)
  eden space 307712K, 0% used [0x000000076bd00000,0x000000076bd00000,0x000000077e980000)
  from space 15360K, 99% used [0x000000077fb00000,0x00000007809ffd30,0x0000000780a00000)
  to   space 17408K, 0% used [0x000000077e980000,0x000000077e980000,0x000000077fa80000)
 ParOldGen       total 145920K, used 17880K [0x00000006c3600000, 0x00000006cc480000, 0x000000076bd00000)
  object space 145920K, 12% used [0x00000006c3600000,0x00000006c4776190,0x00000006cc480000)
 Metaspace       used 46007K, capacity 48108K, committed 48424K, reserved 1091584K
  class space    used 6243K, capacity 6654K, committed 6704K, reserved 1048576K
}

